<?xml version="1.0" encoding="UTF-8"?>
<!-- Generated by org.testng.reporters.JUnitReportReporter -->
<testsuite hostname="LAPTOP-NVEVNPDN" failures="0" tests="1" name="testCases.TC_005_AddToCartPageTest" time="1.261" errors="0" timestamp="2024-10-01T19:53:32 IST" skipped="0">
  <testcase classname="testCases.TC_005_AddToCartPageTest" name="verify_addToCart" time="1.261"/>
</testsuite> <!-- testCases.TC_005_AddToCartPageTest -->
