<?xml version="1.0" encoding="UTF-8"?>
<!-- Generated by org.testng.reporters.JUnitReportReporter -->
<testsuite hostname="LAPTOP-NVEVNPDN" failures="0" tests="1" name="testCases.TC_002_LoginTest" time="1.237" errors="0" timestamp="2024-09-28T19:02:20 IST" skipped="0">
  <testcase classname="testCases.TC_002_LoginTest" name="test_Login" time="1.237"/>
</testsuite> <!-- testCases.TC_002_LoginTest -->
